/home/mw/ros2_ws/install/ackermann_robot_pkg/lib/python3.12/site-packages/ackermann_robot_pkg/__init__.py
/home/mw/ros2_ws/install/ackermann_robot_pkg/lib/python3.12/site-packages/ackermann_robot_pkg/control_ackermann.py
/home/mw/ros2_ws/install/ackermann_robot_pkg/lib/python3.12/site-packages/ackermann_robot_pkg/auto_mode_toggle.py
/home/mw/ros2_ws/install/ackermann_robot_pkg/lib/python3.12/site-packages/ackermann_robot_pkg/__pycache__/__init__.cpython-312.pyc
/home/mw/ros2_ws/install/ackermann_robot_pkg/lib/python3.12/site-packages/ackermann_robot_pkg/__pycache__/control_ackermann.cpython-312.pyc
/home/mw/ros2_ws/install/ackermann_robot_pkg/lib/python3.12/site-packages/ackermann_robot_pkg/__pycache__/auto_mode_toggle.cpython-312.pyc
/home/mw/ros2_ws/install/ackermann_robot_pkg/share/ament_index/resource_index/packages/ackermann_robot_pkg
/home/mw/ros2_ws/install/ackermann_robot_pkg/share/ackermann_robot_pkg/package.xml
/home/mw/ros2_ws/install/ackermann_robot_pkg/share/ackermann_robot_pkg/launch/ackermann_gazebo.launch.py
/home/mw/ros2_ws/install/ackermann_robot_pkg/share/ackermann_robot_pkg/worlds/ackermann_world.sdf
/home/mw/ros2_ws/install/ackermann_robot_pkg/share/ackermann_robot_pkg/models/ackermann_robot/model.sdf
/home/mw/ros2_ws/install/ackermann_robot_pkg/share/ackermann_robot_pkg/models/ackermann_robot/model.config
/home/mw/ros2_ws/install/ackermann_robot_pkg/share/ackermann_robot_pkg/urdf/ackermann_robot.urdf.xacro
/home/mw/ros2_ws/install/ackermann_robot_pkg/share/ackermann_robot_pkg/config/ackermann_controller.yaml
/home/mw/ros2_ws/install/ackermann_robot_pkg/lib/python3.12/site-packages/ackermann_robot_pkg-0.0.0-py3.12.egg-info/requires.txt
/home/mw/ros2_ws/install/ackermann_robot_pkg/lib/python3.12/site-packages/ackermann_robot_pkg-0.0.0-py3.12.egg-info/entry_points.txt
/home/mw/ros2_ws/install/ackermann_robot_pkg/lib/python3.12/site-packages/ackermann_robot_pkg-0.0.0-py3.12.egg-info/dependency_links.txt
/home/mw/ros2_ws/install/ackermann_robot_pkg/lib/python3.12/site-packages/ackermann_robot_pkg-0.0.0-py3.12.egg-info/top_level.txt
/home/mw/ros2_ws/install/ackermann_robot_pkg/lib/python3.12/site-packages/ackermann_robot_pkg-0.0.0-py3.12.egg-info/SOURCES.txt
/home/mw/ros2_ws/install/ackermann_robot_pkg/lib/python3.12/site-packages/ackermann_robot_pkg-0.0.0-py3.12.egg-info/zip-safe
/home/mw/ros2_ws/install/ackermann_robot_pkg/lib/python3.12/site-packages/ackermann_robot_pkg-0.0.0-py3.12.egg-info/PKG-INFO
/home/mw/ros2_ws/install/ackermann_robot_pkg/lib/ackermann_robot_pkg/auto_mode_toggle
/home/mw/ros2_ws/install/ackermann_robot_pkg/lib/ackermann_robot_pkg/control_ackermann
