running egg_info
writing ../../build/ackermann_robot_pkg/ackermann_robot_pkg.egg-info/PKG-INFO
writing dependency_links to ../../build/ackermann_robot_pkg/ackermann_robot_pkg.egg-info/dependency_links.txt
writing entry points to ../../build/ackermann_robot_pkg/ackermann_robot_pkg.egg-info/entry_points.txt
writing requirements to ../../build/ackermann_robot_pkg/ackermann_robot_pkg.egg-info/requires.txt
writing top-level names to ../../build/ackermann_robot_pkg/ackermann_robot_pkg.egg-info/top_level.txt
reading manifest file '../../build/ackermann_robot_pkg/ackermann_robot_pkg.egg-info/SOURCES.txt'
writing manifest file '../../build/ackermann_robot_pkg/ackermann_robot_pkg.egg-info/SOURCES.txt'
running build
running build_py
copying ackermann_robot_pkg/__init__.py -> /home/mw/ros2_ws/build/ackermann_robot_pkg/build/lib/ackermann_robot_pkg
copying ackermann_robot_pkg/control_ackermann.py -> /home/mw/ros2_ws/build/ackermann_robot_pkg/build/lib/ackermann_robot_pkg
copying ackermann_robot_pkg/auto_mode_toggle.py -> /home/mw/ros2_ws/build/ackermann_robot_pkg/build/lib/ackermann_robot_pkg
running install
running install_lib
running install_data
copying resource/ackermann_robot_pkg -> /home/mw/ros2_ws/install/ackermann_robot_pkg/share/ament_index/resource_index/packages
copying package.xml -> /home/mw/ros2_ws/install/ackermann_robot_pkg/share/ackermann_robot_pkg
copying launch/ackermann_gazebo.launch.py -> /home/mw/ros2_ws/install/ackermann_robot_pkg/share/ackermann_robot_pkg/launch
copying worlds/ackermann_world.sdf -> /home/mw/ros2_ws/install/ackermann_robot_pkg/share/ackermann_robot_pkg/worlds
copying models/ackermann_robot/model.sdf -> /home/mw/ros2_ws/install/ackermann_robot_pkg/share/ackermann_robot_pkg/models/ackermann_robot
copying models/ackermann_robot/model.config -> /home/mw/ros2_ws/install/ackermann_robot_pkg/share/ackermann_robot_pkg/models/ackermann_robot
copying urdf/ackermann_robot.urdf.xacro -> /home/mw/ros2_ws/install/ackermann_robot_pkg/share/ackermann_robot_pkg/urdf
copying config/ackermann_controller.yaml -> /home/mw/ros2_ws/install/ackermann_robot_pkg/share/ackermann_robot_pkg/config
running install_egg_info
removing '/home/mw/ros2_ws/install/ackermann_robot_pkg/lib/python3.12/site-packages/ackermann_robot_pkg-0.0.0-py3.12.egg-info' (and everything under it)
Copying ../../build/ackermann_robot_pkg/ackermann_robot_pkg.egg-info to /home/mw/ros2_ws/install/ackermann_robot_pkg/lib/python3.12/site-packages/ackermann_robot_pkg-0.0.0-py3.12.egg-info
running install_scripts
Installing auto_mode_toggle script to /home/mw/ros2_ws/install/ackermann_robot_pkg/lib/ackermann_robot_pkg
Installing control_ackermann script to /home/mw/ros2_ws/install/ackermann_robot_pkg/lib/ackermann_robot_pkg
writing list of installed files to '/home/mw/ros2_ws/build/ackermann_robot_pkg/install.log'
