[0.000000] (-) TimerEvent: {}
[0.000191] (ackermann_robot_pkg) JobQueued: {'identifier': 'ackermann_robot_pkg', 'dependencies': OrderedDict()}
[0.000230] (ackermann_robot_pkg) JobStarted: {'identifier': 'ackermann_robot_pkg'}
[0.099482] (-) TimerEvent: {}
[0.199717] (-) TimerEvent: {}
[0.299930] (-) TimerEvent: {}
[0.400148] (-) TimerEvent: {}
[0.500356] (-) TimerEvent: {}
[0.527196] (ackermann_robot_pkg) Command: {'cmd': ['/usr/bin/python3', '-W', 'ignore:setup.py install is deprecated', '-W', 'ignore:easy_install command is deprecated', 'setup.py', 'egg_info', '--egg-base', '../../build/ackermann_robot_pkg', 'build', '--build-base', '/home/mw/ros2_ws/build/ackermann_robot_pkg/build', 'install', '--record', '/home/mw/ros2_ws/build/ackermann_robot_pkg/install.log', '--single-version-externally-managed', 'install_data'], 'cwd': '/home/mw/ros2_ws/src/ackermann_robot_pkg', 'env': {'GJS_DEBUG_TOPICS': 'JS ERROR;JS LOG', 'LESSOPEN': '| /usr/bin/lesspipe %s', 'USER': 'mw', 'GZ_CONFIG_PATH': '/opt/ros/jazzy/opt/gz_sim_vendor/share/gz:/opt/ros/jazzy/opt/sdformat_vendor/share/gz:/opt/ros/jazzy/opt/gz_gui_vendor/share/gz:/opt/ros/jazzy/opt/gz_transport_vendor/share/gz:/opt/ros/jazzy/opt/gz_rendering_vendor/share/gz:/opt/ros/jazzy/opt/gz_plugin_vendor/share/gz:/opt/ros/jazzy/opt/gz_fuel_tools_vendor/share/gz:/opt/ros/jazzy/opt/gz_msgs_vendor/share/gz:/opt/ros/jazzy/opt/gz_common_vendor/share/gz', 'XDG_SESSION_TYPE': 'x11', 'GIT_ASKPASS': '/tmp/.mount_CursorNkxzCP/usr/share/cursor/resources/app/extensions/git/dist/askpass.sh', 'SHLVL': '0', 'LD_LIBRARY_PATH': '/opt/ros/jazzy/opt/gz_sim_vendor/lib:/opt/ros/jazzy/opt/gz_sensors_vendor/lib:/opt/ros/jazzy/opt/gz_physics_vendor/lib:/opt/ros/jazzy/opt/sdformat_vendor/lib:/opt/ros/jazzy/opt/rviz_ogre_vendor/lib:/opt/ros/jazzy/lib/x86_64-linux-gnu:/opt/ros/jazzy/opt/gz_gui_vendor/lib:/opt/ros/jazzy/opt/gz_transport_vendor/lib:/opt/ros/jazzy/opt/gz_rendering_vendor/lib:/opt/ros/jazzy/opt/gz_plugin_vendor/lib:/opt/ros/jazzy/opt/gz_fuel_tools_vendor/lib:/opt/ros/jazzy/opt/gz_msgs_vendor/lib:/opt/ros/jazzy/opt/gz_common_vendor/lib:/opt/ros/jazzy/opt/gz_math_vendor/lib:/opt/ros/jazzy/opt/gz_utils_vendor/lib:/opt/ros/jazzy/opt/gz_tools_vendor/lib:/opt/ros/jazzy/opt/gz_ogre_next_vendor/lib:/opt/ros/jazzy/opt/gz_dartsim_vendor/lib:/opt/ros/jazzy/opt/gz_cmake_vendor/lib:/opt/ros/jazzy/lib:/tmp/.mount_CursorNkxzCP/usr/lib/:/tmp/.mount_CursorNkxzCP/usr/lib32/:/tmp/.mount_CursorNkxzCP/usr/lib64/:/tmp/.mount_CursorNkxzCP/lib/:/tmp/.mount_CursorNkxzCP/lib/i386-linux-gnu/:/tmp/.mount_CursorNkxzCP/lib/x86_64-linux-gnu/:/tmp/.mount_CursorNkxzCP/lib/aarch64-linux-gnu/:/tmp/.mount_CursorNkxzCP/lib32/:/tmp/.mount_CursorNkxzCP/lib64/:', 'HOME': '/home/mw', 'CHROME_DESKTOP': 'cursor.desktop', 'APPDIR': '/tmp/.mount_CursorNkxzCP', 'OLDPWD': '/home/mw/ros2_ws', 'TERM_PROGRAM_VERSION': '0.47.8', 'DESKTOP_SESSION': 'ubuntu', 'PERLLIB': '/tmp/.mount_CursorNkxzCP/usr/share/perl5/:/tmp/.mount_CursorNkxzCP/usr/lib/perl5/:', 'GIO_LAUNCHED_DESKTOP_FILE': '/home/mw/.local/share/applications/cursor.desktop', 'ROS_PYTHON_VERSION': '3', 'GNOME_SHELL_SESSION_MODE': 'ubuntu', 'GTK_MODULES': 'gail:atk-bridge', 'VSCODE_GIT_ASKPASS_MAIN': '/tmp/.mount_CursorNkxzCP/usr/share/cursor/resources/app/extensions/git/dist/askpass-main.js', 'VSCODE_GIT_ASKPASS_NODE': '/tmp/.mount_CursorNkxzCP/usr/share/cursor/cursor', 'MANAGERPID': '1475', 'SYSTEMD_EXEC_PID': '1919', 'GSM_SKIP_SSH_AGENT_WORKAROUND': 'true', 'DBUS_SESSION_BUS_ADDRESS': 'unix:path=/run/user/1000/bus', 'COLORTERM': 'truecolor', 'GIO_LAUNCHED_DESKTOP_FILE_PID': '2676', 'DEBUGINFOD_URLS': 'https://debuginfod.ubuntu.com', 'IM_CONFIG_PHASE': '1', 'COLCON_PREFIX_PATH': '/home/mw/ros2_ws/install:/home/mw/picar_sim_ws/install', 'CUDA_VISIBLE_DEVICES': '0', 'ROS_DISTRO': 'jazzy', 'LOGNAME': 'mw', 'OWD': '/home/mw', 'JOURNAL_STREAM': '9:21836', '_': '/usr/bin/colcon', 'ROS_VERSION': '2', 'MEMORY_PRESSURE_WATCH': '/sys/fs/cgroup/user.slice/user-1000.slice/user@1000.service/session.slice/org.gnome.Shell@x11.service/memory.pressure', 'XDG_SESSION_CLASS': 'user', 'USERNAME': 'mw', 'TERM': 'xterm-256color', 'GNOME_DESKTOP_SESSION_ID': 'this-is-deprecated', 'WINDOWPATH': '2', 'PATH': '/home/mw/flutter/bin/cache/dart-sdk/bin/:/home/mw/.local/bin:/opt/ros/jazzy/opt/gz_msgs_vendor/bin:/opt/ros/jazzy/opt/gz_tools_vendor/bin:/opt/ros/jazzy/opt/gz_ogre_next_vendor/bin:/opt/ros/jazzy/bin:/home/mw/.npm-global/bin:/tmp/.mount_CursorNkxzCP/usr/bin/:/tmp/.mount_CursorNkxzCP/usr/sbin/:/tmp/.mount_CursorNkxzCP/usr/games/:/tmp/.mount_CursorNkxzCP/bin/:/tmp/.mount_CursorNkxzCP/sbin/:/home/mw/.local/bin:/usr/local/sbin:/usr/local/bin:/usr/sbin:/usr/bin:/sbin:/bin:/usr/games:/usr/local/games:/snap/bin:/snap/bin:/home/mw/flutter/bin', 'SESSION_MANAGER': 'local/marc-Ubuntu:@/tmp/.ICE-unix/1851,unix/marc-Ubuntu:/tmp/.ICE-unix/1851', 'INVOCATION_ID': '4598d8ced31241d493d8a1ddfb1590f8', 'APPIMAGE': '/home/mw/.AppImage/Cursor-0.47.5-53d6da1322f934a1058e7569ee0847b24879d18c.deb.glibc2.25-x86_64.AppImage', 'XDG_MENU_PREFIX': 'gnome-', 'XDG_RUNTIME_DIR': '/run/user/1000', 'GDK_BACKEND': 'x11', 'DISPLAY': ':0', 'LANG': 'en_US.UTF-8', 'XDG_CURRENT_DESKTOP': 'Unity', 'XMODIFIERS': '@im=ibus', 'XDG_SESSION_DESKTOP': 'ubuntu', 'XAUTHORITY': '/run/user/1000/gdm/Xauthority', 'LS_COLORS': '', 'VSCODE_GIT_IPC_HANDLE': '/run/user/1000/vscode-git-edcf63ca4c.sock', 'TERM_PROGRAM': 'vscode', 'CURSOR_TRACE_ID': 'a80bd3711d7b47d093287108d6594773', 'SSH_AUTH_SOCK': '/run/user/1000/keyring/ssh', 'GSETTINGS_SCHEMA_DIR': '/tmp/.mount_CursorNkxzCP/usr/share/glib-2.0/schemas/:', 'AMENT_PREFIX_PATH': '/home/mw/ros2_ws/install/ackermann_robot_pkg:/home/mw/picar_sim_ws/install/picar_sim:/opt/ros/jazzy', 'ORIGINAL_XDG_CURRENT_DESKTOP': 'ubuntu:GNOME', 'SHELL': '/bin/bash', 'ARGV0': '/home/mw/.AppImage/Cursor-0.47.5-53d6da1322f934a1058e7569ee0847b24879d18c.deb.glibc2.25-x86_64.AppImage', 'QT_ACCESSIBILITY': '1', 'GDMSESSION': 'ubuntu', 'LESSCLOSE': '/usr/bin/lesspipe %s %s', 'GPG_AGENT_INFO': '/run/user/1000/gnupg/S.gpg-agent:0:1', 'GJS_DEBUG_OUTPUT': 'stderr', 'ROS_AUTOMATIC_DISCOVERY_RANGE': 'SUBNET', 'VSCODE_GIT_ASKPASS_EXTRA_ARGS': '', 'QT_IM_MODULE': 'ibus', 'PWD': '/home/mw/ros2_ws/build/ackermann_robot_pkg', 'XDG_CONFIG_DIRS': '/etc/xdg/xdg-ubuntu:/etc/xdg', 'XDG_DATA_DIRS': '/tmp/.mount_CursorNkxzCP/usr/share/:/usr/share/ubuntu:/usr/share/gnome:/usr/local/share/:/usr/share/:/var/lib/snapd/desktop', 'PYTHONPATH': '/home/mw/ros2_ws/build/ackermann_robot_pkg/prefix_override:/usr/lib/python3/dist-packages/colcon_core/task/python/colcon_distutils_commands:/home/mw/ros2_ws/install/ackermann_robot_pkg/lib/python3.12/site-packages:/home/mw/ros2_ws/install/ackermann_robot_pkg/lib/python3.12/site-packages:/home/mw/picar_sim_ws/build/picar_sim:/home/mw/picar_sim_ws/install/picar_sim/lib/python3.12/site-packages:/opt/ros/jazzy/lib/python3.12/site-packages', 'QT_PLUGIN_PATH': '/tmp/.mount_CursorNkxzCP/usr/lib/qt4/plugins/:/tmp/.mount_CursorNkxzCP/usr/lib/i386-linux-gnu/qt4/plugins/:/tmp/.mount_CursorNkxzCP/usr/lib/x86_64-linux-gnu/qt4/plugins/:/tmp/.mount_CursorNkxzCP/usr/lib/aarch64-linux-gnu/qt4/plugins/:/tmp/.mount_CursorNkxzCP/usr/lib32/qt4/plugins/:/tmp/.mount_CursorNkxzCP/usr/lib64/qt4/plugins/:/tmp/.mount_CursorNkxzCP/usr/lib/qt5/plugins/:/tmp/.mount_CursorNkxzCP/usr/lib/i386-linux-gnu/qt5/plugins/:/tmp/.mount_CursorNkxzCP/usr/lib/x86_64-linux-gnu/qt5/plugins/:/tmp/.mount_CursorNkxzCP/usr/lib/aarch64-linux-gnu/qt5/plugins/:/tmp/.mount_CursorNkxzCP/usr/lib32/qt5/plugins/:/tmp/.mount_CursorNkxzCP/usr/lib64/qt5/plugins/:', 'COLCON': '1', 'MEMORY_PRESSURE_WRITE': 'c29tZSAyMDAwMDAgMjAwMDAwMAA=', 'CMAKE_PREFIX_PATH': '/opt/ros/jazzy/opt/gz_sim_vendor:/opt/ros/jazzy/opt/gz_sensors_vendor:/opt/ros/jazzy/opt/gz_physics_vendor:/opt/ros/jazzy/opt/sdformat_vendor:/opt/ros/jazzy/opt/gz_gui_vendor:/opt/ros/jazzy/opt/gz_transport_vendor:/opt/ros/jazzy/opt/gz_rendering_vendor:/opt/ros/jazzy/opt/gz_plugin_vendor:/opt/ros/jazzy/opt/gz_fuel_tools_vendor:/opt/ros/jazzy/opt/gz_msgs_vendor:/opt/ros/jazzy/opt/gz_common_vendor:/opt/ros/jazzy/opt/gz_math_vendor:/opt/ros/jazzy/opt/gz_utils_vendor:/opt/ros/jazzy/opt/gz_tools_vendor:/opt/ros/jazzy/opt/gz_ogre_next_vendor:/opt/ros/jazzy/opt/gz_dartsim_vendor:/opt/ros/jazzy/opt/gz_cmake_vendor'}, 'shell': False}
[0.600454] (-) TimerEvent: {}
[0.700699] (-) TimerEvent: {}
[0.704409] (ackermann_robot_pkg) StdoutLine: {'line': b'running egg_info\n'}
[0.717121] (ackermann_robot_pkg) StdoutLine: {'line': b'creating ../../build/ackermann_robot_pkg/ackermann_robot_pkg.egg-info\n'}
[0.717284] (ackermann_robot_pkg) StdoutLine: {'line': b'writing ../../build/ackermann_robot_pkg/ackermann_robot_pkg.egg-info/PKG-INFO\n'}
[0.717420] (ackermann_robot_pkg) StdoutLine: {'line': b'writing dependency_links to ../../build/ackermann_robot_pkg/ackermann_robot_pkg.egg-info/dependency_links.txt\n'}
[0.717521] (ackermann_robot_pkg) StdoutLine: {'line': b'writing entry points to ../../build/ackermann_robot_pkg/ackermann_robot_pkg.egg-info/entry_points.txt\n'}
[0.717616] (ackermann_robot_pkg) StdoutLine: {'line': b'writing requirements to ../../build/ackermann_robot_pkg/ackermann_robot_pkg.egg-info/requires.txt\n'}
[0.717731] (ackermann_robot_pkg) StdoutLine: {'line': b'writing top-level names to ../../build/ackermann_robot_pkg/ackermann_robot_pkg.egg-info/top_level.txt\n'}
[0.717805] (ackermann_robot_pkg) StdoutLine: {'line': b"writing manifest file '../../build/ackermann_robot_pkg/ackermann_robot_pkg.egg-info/SOURCES.txt'\n"}
[0.744336] (ackermann_robot_pkg) StdoutLine: {'line': b"reading manifest file '../../build/ackermann_robot_pkg/ackermann_robot_pkg.egg-info/SOURCES.txt'\n"}
[0.744823] (ackermann_robot_pkg) StdoutLine: {'line': b"writing manifest file '../../build/ackermann_robot_pkg/ackermann_robot_pkg.egg-info/SOURCES.txt'\n"}
[0.744983] (ackermann_robot_pkg) StdoutLine: {'line': b'running build\n'}
[0.745058] (ackermann_robot_pkg) StdoutLine: {'line': b'running build_py\n'}
[0.745121] (ackermann_robot_pkg) StdoutLine: {'line': b'creating /home/mw/ros2_ws/build/ackermann_robot_pkg/build/lib/ackermann_robot_pkg\n'}
[0.745211] (ackermann_robot_pkg) StdoutLine: {'line': b'copying ackermann_robot_pkg/__init__.py -> /home/mw/ros2_ws/build/ackermann_robot_pkg/build/lib/ackermann_robot_pkg\n'}
[0.745269] (ackermann_robot_pkg) StdoutLine: {'line': b'copying ackermann_robot_pkg/control_ackermann.py -> /home/mw/ros2_ws/build/ackermann_robot_pkg/build/lib/ackermann_robot_pkg\n'}
[0.745343] (ackermann_robot_pkg) StdoutLine: {'line': b'copying ackermann_robot_pkg/auto_mode_toggle.py -> /home/mw/ros2_ws/build/ackermann_robot_pkg/build/lib/ackermann_robot_pkg\n'}
[0.745420] (ackermann_robot_pkg) StdoutLine: {'line': b'running install\n'}
[0.748384] (ackermann_robot_pkg) StdoutLine: {'line': b'running install_lib\n'}
[0.761379] (ackermann_robot_pkg) StdoutLine: {'line': b'creating /home/mw/ros2_ws/install/ackermann_robot_pkg/lib/python3.12/site-packages/ackermann_robot_pkg\n'}
[0.761534] (ackermann_robot_pkg) StdoutLine: {'line': b'copying /home/mw/ros2_ws/build/ackermann_robot_pkg/build/lib/ackermann_robot_pkg/__init__.py -> /home/mw/ros2_ws/install/ackermann_robot_pkg/lib/python3.12/site-packages/ackermann_robot_pkg\n'}
[0.761620] (ackermann_robot_pkg) StdoutLine: {'line': b'copying /home/mw/ros2_ws/build/ackermann_robot_pkg/build/lib/ackermann_robot_pkg/control_ackermann.py -> /home/mw/ros2_ws/install/ackermann_robot_pkg/lib/python3.12/site-packages/ackermann_robot_pkg\n'}
[0.761722] (ackermann_robot_pkg) StdoutLine: {'line': b'copying /home/mw/ros2_ws/build/ackermann_robot_pkg/build/lib/ackermann_robot_pkg/auto_mode_toggle.py -> /home/mw/ros2_ws/install/ackermann_robot_pkg/lib/python3.12/site-packages/ackermann_robot_pkg\n'}
[0.761874] (ackermann_robot_pkg) StdoutLine: {'line': b'byte-compiling /home/mw/ros2_ws/install/ackermann_robot_pkg/lib/python3.12/site-packages/ackermann_robot_pkg/__init__.py to __init__.cpython-312.pyc\n'}
[0.762009] (ackermann_robot_pkg) StdoutLine: {'line': b'byte-compiling /home/mw/ros2_ws/install/ackermann_robot_pkg/lib/python3.12/site-packages/ackermann_robot_pkg/control_ackermann.py to control_ackermann.cpython-312.pyc\n'}
[0.763557] (ackermann_robot_pkg) StdoutLine: {'line': b'byte-compiling /home/mw/ros2_ws/install/ackermann_robot_pkg/lib/python3.12/site-packages/ackermann_robot_pkg/auto_mode_toggle.py to auto_mode_toggle.cpython-312.pyc\n'}
[0.763940] (ackermann_robot_pkg) StdoutLine: {'line': b'running install_data\n'}
[0.764041] (ackermann_robot_pkg) StdoutLine: {'line': b'creating /home/mw/ros2_ws/install/ackermann_robot_pkg/share/ament_index/resource_index/packages\n'}
[0.764149] (ackermann_robot_pkg) StdoutLine: {'line': b'copying resource/ackermann_robot_pkg -> /home/mw/ros2_ws/install/ackermann_robot_pkg/share/ament_index/resource_index/packages\n'}
[0.764268] (ackermann_robot_pkg) StdoutLine: {'line': b'copying package.xml -> /home/mw/ros2_ws/install/ackermann_robot_pkg/share/ackermann_robot_pkg\n'}
[0.764361] (ackermann_robot_pkg) StdoutLine: {'line': b'creating /home/mw/ros2_ws/install/ackermann_robot_pkg/share/ackermann_robot_pkg/launch\n'}
[0.764430] (ackermann_robot_pkg) StdoutLine: {'line': b'copying launch/ackermann_gazebo.launch.py -> /home/mw/ros2_ws/install/ackermann_robot_pkg/share/ackermann_robot_pkg/launch\n'}
[0.764502] (ackermann_robot_pkg) StdoutLine: {'line': b'creating /home/mw/ros2_ws/install/ackermann_robot_pkg/share/ackermann_robot_pkg/worlds\n'}
[0.764559] (ackermann_robot_pkg) StdoutLine: {'line': b'copying worlds/ackermann_world.sdf -> /home/mw/ros2_ws/install/ackermann_robot_pkg/share/ackermann_robot_pkg/worlds\n'}
[0.764642] (ackermann_robot_pkg) StdoutLine: {'line': b'creating /home/mw/ros2_ws/install/ackermann_robot_pkg/share/ackermann_robot_pkg/models/ackermann_robot\n'}
[0.764716] (ackermann_robot_pkg) StdoutLine: {'line': b'copying models/ackermann_robot/model.sdf -> /home/mw/ros2_ws/install/ackermann_robot_pkg/share/ackermann_robot_pkg/models/ackermann_robot\n'}
[0.764809] (ackermann_robot_pkg) StdoutLine: {'line': b'copying models/ackermann_robot/model.config -> /home/mw/ros2_ws/install/ackermann_robot_pkg/share/ackermann_robot_pkg/models/ackermann_robot\n'}
[0.764902] (ackermann_robot_pkg) StdoutLine: {'line': b'creating /home/mw/ros2_ws/install/ackermann_robot_pkg/share/ackermann_robot_pkg/urdf\n'}
[0.764965] (ackermann_robot_pkg) StdoutLine: {'line': b'copying urdf/ackermann_robot.urdf.xacro -> /home/mw/ros2_ws/install/ackermann_robot_pkg/share/ackermann_robot_pkg/urdf\n'}
[0.765034] (ackermann_robot_pkg) StdoutLine: {'line': b'creating /home/mw/ros2_ws/install/ackermann_robot_pkg/share/ackermann_robot_pkg/config\n'}
[0.765098] (ackermann_robot_pkg) StdoutLine: {'line': b'copying config/ackermann_controller.yaml -> /home/mw/ros2_ws/install/ackermann_robot_pkg/share/ackermann_robot_pkg/config\n'}
[0.765170] (ackermann_robot_pkg) StdoutLine: {'line': b'running install_egg_info\n'}
[0.778085] (ackermann_robot_pkg) StdoutLine: {'line': b'Copying ../../build/ackermann_robot_pkg/ackermann_robot_pkg.egg-info to /home/mw/ros2_ws/install/ackermann_robot_pkg/lib/python3.12/site-packages/ackermann_robot_pkg-0.0.0-py3.12.egg-info\n'}
[0.778624] (ackermann_robot_pkg) StdoutLine: {'line': b'running install_scripts\n'}
[0.800785] (-) TimerEvent: {}
[0.861430] (ackermann_robot_pkg) StdoutLine: {'line': b'Installing auto_mode_toggle script to /home/mw/ros2_ws/install/ackermann_robot_pkg/lib/ackermann_robot_pkg\n'}
[0.861605] (ackermann_robot_pkg) StdoutLine: {'line': b'Installing control_ackermann script to /home/mw/ros2_ws/install/ackermann_robot_pkg/lib/ackermann_robot_pkg\n'}
[0.861698] (ackermann_robot_pkg) StdoutLine: {'line': b"writing list of installed files to '/home/mw/ros2_ws/build/ackermann_robot_pkg/install.log'\n"}
[0.877040] (ackermann_robot_pkg) CommandEnded: {'returncode': 0}
[0.882226] (ackermann_robot_pkg) JobEnded: {'identifier': 'ackermann_robot_pkg', 'rc': 0}
[0.882641] (-) EventReactorShutdown: {}
